[2025-10-26 01:04:18] local.ERROR: require(C:\SMT 5\PWEB\ETS\task-management\routes/auth.php): Failed to open stream: No such file or directory {"exception":"[object] (ErrorException(code: 0): require(C:\\SMT 5\\PWEB\\ETS\\task-management\\routes/auth.php): Failed to open stream: No such file or directory at C:\\SMT 5\\PWEB\\ETS\\task-management\\routes\\web.php:34)
[stacktrace]
#0 C:\\SMT 5\\PWEB\\ETS\\task-management\\vendor\\laravel\\framework\\src\\Illuminate\\Foundation\\Bootstrap\\HandleExceptions.php(258): Illuminate\\Foundation\\Bootstrap\\HandleExceptions->handleError(2, 'require(C:\\\\SMT ...', 'C:\\\\SMT 5\\\\PWEB\\\\E...', 34)
#1 C:\\SMT 5\\PWEB\\ETS\\task-management\\routes\\web.php(34): Illuminate\\Foundation\\Bootstrap\\HandleExceptions->Illuminate\\Foundation\\Bootstrap\\{closure}(2, 'require(C:\\\\SMT ...', 'C:\\\\SMT 5\\\\PWEB\\\\E...', 34)
#2 C:\\SMT 5\\PWEB\\ETS\\task-management\\routes\\web.php(34): require('C:\\\\SMT 5\\\\PWEB\\\\E...')
#3 C:\\SMT 5\\PWEB\\ETS\\task-management\\vendor\\laravel\\framework\\src\\Illuminate\\Routing\\RouteFileRegistrar.php(34): require('C:\\\\SMT 5\\\\PWEB\\\\E...')
#4 C:\\SMT 5\\PWEB\\ETS\\task-management\\vendor\\laravel\\framework\\src\\Illuminate\\Routing\\Router.php(526): Illuminate\\Routing\\RouteFileRegistrar->register('C:\\\\SMT 5\\\\PWEB\\\\E...')
#5 C:\\SMT 5\\PWEB\\ETS\\task-management\\vendor\\laravel\\framework\\src\\Illuminate\\Routing\\Router.php(480): Illuminate\\Routing\\Router->loadRoutes('C:\\\\SMT 5\\\\PWEB\\\\E...')
#6 C:\\SMT 5\\PWEB\\ETS\\task-management\\vendor\\laravel\\framework\\src\\Illuminate\\Routing\\RouteRegistrar.php(212): Illuminate\\Routing\\Router->group(Array, 'C:\\\\SMT 5\\\\PWEB\\\\E...')
#7 C:\\SMT 5\\PWEB\\ETS\\task-management\\vendor\\laravel\\framework\\src\\Illuminate\\Foundation\\Configuration\\ApplicationBuilder.php(248): Illuminate\\Routing\\RouteRegistrar->group('C:\\\\SMT 5\\\\PWEB\\\\E...')
#8 C:\\SMT 5\\PWEB\\ETS\\task-management\\vendor\\laravel\\framework\\src\\Illuminate\\Container\\BoundMethod.php(36): Illuminate\\Foundation\\Configuration\\ApplicationBuilder->Illuminate\\Foundation\\Configuration\\{closure}()
#9 C:\\SMT 5\\PWEB\\ETS\\task-management\\vendor\\laravel\\framework\\src\\Illuminate\\Container\\Util.php(43): Illuminate\\Container\\BoundMethod::Illuminate\\Container\\{closure}()
#10 C:\\SMT 5\\PWEB\\ETS\\task-management\\vendor\\laravel\\framework\\src\\Illuminate\\Container\\BoundMethod.php(84): Illuminate\\Container\\Util::unwrapIfClosure(Object(Closure))
#11 C:\\SMT 5\\PWEB\\ETS\\task-management\\vendor\\laravel\\framework\\src\\Illuminate\\Container\\BoundMethod.php(35): Illuminate\\Container\\BoundMethod::callBoundMethod(Object(Illuminate\\Foundation\\Application), Object(Closure), Object(Closure))
#12 C:\\SMT 5\\PWEB\\ETS\\task-management\\vendor\\laravel\\framework\\src\\Illuminate\\Container\\Container.php(836): Illuminate\\Container\\BoundMethod::call(Object(Illuminate\\Foundation\\Application), Object(Closure), Array, NULL)
#13 C:\\SMT 5\\PWEB\\ETS\\task-management\\vendor\\laravel\\framework\\src\\Illuminate\\Foundation\\Support\\Providers\\RouteServiceProvider.php(162): Illuminate\\Container\\Container->call(Object(Closure))
#14 C:\\SMT 5\\PWEB\\ETS\\task-management\\vendor\\laravel\\framework\\src\\Illuminate\\Foundation\\Support\\Providers\\RouteServiceProvider.php(59): Illuminate\\Foundation\\Support\\Providers\\RouteServiceProvider->loadRoutes()
#15 C:\\SMT 5\\PWEB\\ETS\\task-management\\vendor\\laravel\\framework\\src\\Illuminate\\Container\\BoundMethod.php(36): Illuminate\\Foundation\\Support\\Providers\\RouteServiceProvider->Illuminate\\Foundation\\Support\\Providers\\{closure}()
#16 C:\\SMT 5\\PWEB\\ETS\\task-management\\vendor\\laravel\\framework\\src\\Illuminate\\Container\\Util.php(43): Illuminate\\Container\\BoundMethod::Illuminate\\Container\\{closure}()
#17 C:\\SMT 5\\PWEB\\ETS\\task-management\\vendor\\laravel\\framework\\src\\Illuminate\\Container\\BoundMethod.php(84): Illuminate\\Container\\Util::unwrapIfClosure(Object(Closure))
#18 C:\\SMT 5\\PWEB\\ETS\\task-management\\vendor\\laravel\\framework\\src\\Illuminate\\Container\\BoundMethod.php(35): Illuminate\\Container\\BoundMethod::callBoundMethod(Object(Illuminate\\Foundation\\Application), Object(Closure), Object(Closure))
#19 C:\\SMT 5\\PWEB\\ETS\\task-management\\vendor\\laravel\\framework\\src\\Illuminate\\Container\\Container.php(836): Illuminate\\Container\\BoundMethod::call(Object(Illuminate\\Foundation\\Application), Object(Closure), Array, NULL)
#20 C:\\SMT 5\\PWEB\\ETS\\task-management\\vendor\\laravel\\framework\\src\\Illuminate\\Support\\ServiceProvider.php(143): Illuminate\\Container\\Container->call(Object(Closure))
#21 C:\\SMT 5\\PWEB\\ETS\\task-management\\vendor\\laravel\\framework\\src\\Illuminate\\Foundation\\Application.php(1154): Illuminate\\Support\\ServiceProvider->callBootedCallbacks()
#22 C:\\SMT 5\\PWEB\\ETS\\task-management\\vendor\\laravel\\framework\\src\\Illuminate\\Foundation\\Application.php(1132): Illuminate\\Foundation\\Application->bootProvider(Object(Illuminate\\Foundation\\Support\\Providers\\RouteServiceProvider))
#23 [internal function]: Illuminate\\Foundation\\Application->Illuminate\\Foundation\\{closure}(Object(Illuminate\\Foundation\\Support\\Providers\\RouteServiceProvider), 'Illuminate\\\\Foun...')
#24 C:\\SMT 5\\PWEB\\ETS\\task-management\\vendor\\laravel\\framework\\src\\Illuminate\\Foundation\\Application.php(1131): array_walk(Array, Object(Closure))
#25 C:\\SMT 5\\PWEB\\ETS\\task-management\\vendor\\laravel\\framework\\src\\Illuminate\\Foundation\\Bootstrap\\BootProviders.php(17): Illuminate\\Foundation\\Application->boot()
#26 C:\\SMT 5\\PWEB\\ETS\\task-management\\vendor\\laravel\\framework\\src\\Illuminate\\Foundation\\Application.php(342): Illuminate\\Foundation\\Bootstrap\\BootProviders->bootstrap(Object(Illuminate\\Foundation\\Application))
#27 C:\\SMT 5\\PWEB\\ETS\\task-management\\vendor\\laravel\\framework\\src\\Illuminate\\Foundation\\Console\\Kernel.php(473): Illuminate\\Foundation\\Application->bootstrapWith(Array)
#28 C:\\SMT 5\\PWEB\\ETS\\task-management\\vendor\\laravel\\framework\\src\\Illuminate\\Foundation\\Console\\Kernel.php(195): Illuminate\\Foundation\\Console\\Kernel->bootstrap()
#29 C:\\SMT 5\\PWEB\\ETS\\task-management\\vendor\\laravel\\framework\\src\\Illuminate\\Foundation\\Application.php(1235): Illuminate\\Foundation\\Console\\Kernel->handle(Object(Symfony\\Component\\Console\\Input\\ArgvInput), Object(Symfony\\Component\\Console\\Output\\ConsoleOutput))
#30 C:\\SMT 5\\PWEB\\ETS\\task-management\\artisan(16): Illuminate\\Foundation\\Application->handleCommand(Object(Symfony\\Component\\Console\\Input\\ArgvInput))
#31 {main}
"} 
